[    0.000000] Initializing cgroup subsys cpuset
[    0.000000] Initializing cgroup subsys cpu
[    0.000000] Initializing cgroup subsys cpuacct
[    0.000000] Linux version 4.4.0-146-generic (buildd@lcy01-amd64-025) (gcc version 5.4.0 20160609 (Ubuntu 5.4.0-6ubuntu1~16.04.10) ) #172-Ubuntu SMP Wed Apr 3 09:00:08 UTC 2019 (Ubuntu 4.4.0-146.172-generic 4.4.177)
[    0.000000] Command line: BOOT_IMAGE=/boot/vmlinuz-4.4.0-146-generic root=LABEL=cloudimg-rootfs ro console=tty1 console=ttyS0
[    0.000000] KERNEL supported cpus:
[    0.000000]   Intel GenuineIntel
[    0.000000]   AMD AuthenticAMD
[    0.000000]   Centaur CentaurHauls
[    0.000000] x86/fpu: xstate_offset[2]:  576, xstate_sizes[2]:  256
[    0.000000] x86/fpu: Supporting XSAVE feature 0x01: 'x87 floating point registers'
[    0.000000] x86/fpu: Supporting XSAVE feature 0x02: 'SSE registers'
[    0.000000] x86/fpu: Supporting XSAVE feature 0x04: 'AVX registers'
[    0.000000] x86/fpu: Enabled xstate features 0x7, context size is 832 bytes, using 'standard' format.
[    0.000000] e820: BIOS-provided physical RAM map:
[    0.000000] BIOS-e820: [mem 0x0000000000000000-0x000000000009fbff] usable
[    0.000000] BIOS-e820: [mem 0x000000000009fc00-0x000000000009ffff] reserved
[    0.000000] BIOS-e820: [mem 0x00000000000f0000-0x00000000000fffff] reserved
[    0.000000] BIOS-e820: [mem 0x0000000000100000-0x000000003ffeffff] usable
[    0.000000] BIOS-e820: [mem 0x000000003fff0000-0x000000003fffffff] ACPI data
[    0.000000] BIOS-e820: [mem 0x00000000fec00000-0x00000000fec00fff] reserved
[    0.000000] BIOS-e820: [mem 0x00000000fee00000-0x00000000fee00fff] reserved
[    0.000000] BIOS-e820: [mem 0x00000000fffc0000-0x00000000ffffffff] reserved
[    0.000000] NX (Execute Disable) protection: active
[    0.000000] SMBIOS 2.5 present.
[    0.000000] Hypervisor detected: KVM
[    0.000000] e820: last_pfn = 0x3fff0 max_arch_pfn = 0x400000000
[    0.000000] MTRR: Disabled
[    0.000000] x86/PAT: MTRRs disabled, skipping PAT initialization too.
[    0.000000] CPU MTRRs all blank - virtualized system.
[    0.000000] x86/PAT: Configuration [0-7]: WB  WT  UC- UC  WB  WT  UC- UC  
[    0.000000] found SMP MP-table at [mem 0x0009fff0-0x0009ffff] mapped at [ffff88000009fff0]
[    0.000000] Scanning 1 areas for low memory corruption
[    0.000000] RAMDISK: [mem 0x362fa000-0x37174fff]
[    0.000000] ACPI: Early table checksum verification disabled
[    0.000000] ACPI: RSDP 0x00000000000E0000 000024 (v02 VBOX  )
[    0.000000] ACPI: XSDT 0x000000003FFF0030 00003C (v01 VBOX   VBOXXSDT 00000001 ASL  00000061)
[    0.000000] ACPI: FACP 0x000000003FFF00F0 0000F4 (v04 VBOX   VBOXFACP 00000001 ASL  00000061)
[    0.000000] ACPI: DSDT 0x000000003FFF0470 0022EA (v02 VBOX   VBOXBIOS 00000002 INTL 20100528)
[    0.000000] ACPI: FACS 0x000000003FFF0200 000040
[    0.000000] ACPI: FACS 0x000000003FFF0200 000040
[    0.000000] ACPI: APIC 0x000000003FFF0240 00005C (v02 VBOX   VBOXAPIC 00000001 ASL  00000061)
[    0.000000] ACPI: SSDT 0x000000003FFF02A0 0001CC (v01 VBOX   VBOXCPUT 00000002 INTL 20100528)
[    0.000000] No NUMA configuration found
[    0.000000] Faking a node at [mem 0x0000000000000000-0x000000003ffeffff]
[    0.000000] NODE_DATA(0) allocated [mem 0x3ffeb000-0x3ffeffff]
[    0.000000] kvm-clock: Using msrs 4b564d01 and 4b564d00
[    0.000000] kvm-clock: cpu 0, msr 0:3ffe3001, primary cpu clock
[    0.000000] kvm-clock: using sched offset of 8383752888 cycles
[    0.000000] clocksource: kvm-clock: mask: 0xffffffffffffffff max_cycles: 0x1cd42e4dffb, max_idle_ns: 881590591483 ns
[    0.000000] Zone ranges:
[    0.000000]   DMA      [mem 0x0000000000001000-0x0000000000ffffff]
[    0.000000]   DMA32    [mem 0x0000000001000000-0x000000003ffeffff]
[    0.000000]   Normal   empty
[    0.000000]   Device   empty
[    0.000000] Movable zone start for each node
[    0.000000] Early memory node ranges
[    0.000000]   node   0: [mem 0x0000000000001000-0x000000000009efff]
[    0.000000]   node   0: [mem 0x0000000000100000-0x000000003ffeffff]
[    0.000000] Initmem setup node 0 [mem 0x0000000000001000-0x000000003ffeffff]
[    0.000000] ACPI: PM-Timer IO Port: 0x4008
[    0.000000] IOAPIC[0]: apic_id 2, version 32, address 0xfec00000, GSI 0-23
[    0.000000] ACPI: INT_SRC_OVR (bus 0 bus_irq 0 global_irq 2 dfl dfl)
[    0.000000] ACPI: INT_SRC_OVR (bus 0 bus_irq 9 global_irq 9 low level)
[    0.000000] Using ACPI (MADT) for SMP configuration information
[    0.000000] smpboot: Allowing 2 CPUs, 0 hotplug CPUs
[    0.000000] PM: Registered nosave memory: [mem 0x00000000-0x00000fff]
[    0.000000] PM: Registered nosave memory: [mem 0x0009f000-0x0009ffff]
[    0.000000] PM: Registered nosave memory: [mem 0x000a0000-0x000effff]
[    0.000000] PM: Registered nosave memory: [mem 0x000f0000-0x000fffff]
[    0.000000] e820: [mem 0x40000000-0xfebfffff] available for PCI devices
[    0.000000] Booting paravirtualized kernel on KVM
[    0.000000] clocksource: refined-jiffies: mask: 0xffffffff max_cycles: 0xffffffff, max_idle_ns: 7645519600211568 ns
[    0.000000] setup_percpu: NR_CPUS:512 nr_cpumask_bits:512 nr_cpu_ids:2 nr_node_ids:1
[    0.000000] PERCPU: Embedded 34 pages/cpu @ffff88003fc00000 s99480 r8192 d31592 u1048576
[    0.000000] Built 1 zonelists in Node order, mobility grouping on.  Total pages: 257912
[    0.000000] Policy zone: DMA32
[    0.000000] Kernel command line: BOOT_IMAGE=/boot/vmlinuz-4.4.0-146-generic root=LABEL=cloudimg-rootfs ro console=tty1 console=ttyS0
[    0.000000] PID hash table entries: 4096 (order: 3, 32768 bytes)
[    0.000000] Memory: 997732K/1048120K available (8609K kernel code, 1334K rwdata, 4028K rodata, 1484K init, 1284K bss, 50388K reserved, 0K cma-reserved)
[    0.000000] SLUB: HWalign=64, Order=0-3, MinObjects=0, CPUs=2, Nodes=1
[    0.000000] Kernel/User page tables isolation: enabled
[    0.000000] Hierarchical RCU implementation.
[    0.000000] 	Build-time adjustment of leaf fanout to 64.
[    0.000000] 	RCU restricting CPUs from NR_CPUS=512 to nr_cpu_ids=2.
[    0.000000] RCU: Adjusting geometry for rcu_fanout_leaf=64, nr_cpu_ids=2
[    0.000000] NR_IRQS:33024 nr_irqs:440 16
[    0.000000] Console: colour VGA+ 80x25
[    0.000000] console [tty1] enabled
[    0.000000] console [ttyS0] enabled
[    0.000000] tsc: Detected 1600.000 MHz processor
[    0.345445] Calibrating delay loop (skipped) preset value.. 3200.00 BogoMIPS (lpj=6400000)
[    0.349306] pid_max: default: 32768 minimum: 301
[    0.351340] ACPI: Core revision 20150930
[    0.354408] ACPI: 2 ACPI AML tables successfully acquired and loaded
[    0.357411] Security Framework initialized
[    0.359355] Yama: becoming mindful.
[    0.361346] AppArmor: AppArmor initialized
[    0.363247] Dentry cache hash table entries: 131072 (order: 8, 1048576 bytes)
[    0.369002] Inode-cache hash table entries: 65536 (order: 7, 524288 bytes)
[    0.372184] Mount-cache hash table entries: 2048 (order: 2, 16384 bytes)
[    0.375048] Mountpoint-cache hash table entries: 2048 (order: 2, 16384 bytes)
[    0.378484] Initializing cgroup subsys io
[    0.380407] Initializing cgroup subsys memory
[    0.382526] Initializing cgroup subsys devices
[    0.384669] Initializing cgroup subsys freezer
[    0.386547] Initializing cgroup subsys net_cls
[    0.388750] Initializing cgroup subsys perf_event
[    0.390751] Initializing cgroup subsys net_prio
[    0.393155] Initializing cgroup subsys hugetlb
[    0.395536] Initializing cgroup subsys pids
[    0.398848] mce: CPU supports 0 MCE banks
[    0.402387] Last level iTLB entries: 4KB 64, 2MB 8, 4MB 8
[    0.404948] Last level dTLB entries: 4KB 64, 2MB 0, 4MB 0, 1GB 4
[    0.407724] Spectre V2 : Mitigation: Full generic retpoline
[    0.410174] Spectre V2 : Spectre v2 / SpectreRSB mitigation: Filling RSB on context switch
[    0.414146] Speculative Store Bypass: Vulnerable
[    0.419805] Freeing SMP alternatives memory: 36K
[    0.474353] ftrace: allocating 32287 entries in 127 pages
[    0.555116] smpboot: APIC(0) Converting physical 0 to logical package 0
[    0.567335] smpboot: Max logical packages: 1
[    0.569866] x2apic enabled
[    0.571526] Switched APIC routing to physical x2apic.
[    0.575196] ..TIMER: vector=0x30 apic1=0 pin1=2 apic2=-1 pin2=-1
[    0.684136] smpboot: CPU0: Intel(R) Core(TM) i5-5250U CPU @ 1.60GHz (family: 0x6, model: 0x3d, stepping: 0x4)
[    0.688713] Performance Events: unsupported p6 CPU model 61 no PMU driver, software events only.
[    0.705429] KVM setup paravirtual spinlock
[    0.709042] x86: Booting SMP configuration:
[    0.711147] .... node  #0, CPUs:      #1
[    0.713531] kvm-clock: cpu 1, msr 0:3ffe3041, secondary cpu clock
[    0.718800] mce: CPU supports 0 MCE banks
[    0.722191] x86: Booted up 1 node, 2 CPUs
[    0.724415] smpboot: Total of 2 processors activated (6400.00 BogoMIPS)
[    0.728129] devtmpfs: initialized
[    0.731318] evm: security.selinux
[    0.733404] evm: security.SMACK64
[    0.735075] evm: security.SMACK64EXEC
[    0.736903] evm: security.SMACK64TRANSMUTE
[    0.738969] evm: security.SMACK64MMAP
[    0.740924] evm: security.ima
[    0.742280] evm: security.capability
[    0.744388] clocksource: jiffies: mask: 0xffffffff max_cycles: 0xffffffff, max_idle_ns: 7645041785100000 ns
[    0.749371] futex hash table entries: 512 (order: 3, 32768 bytes)
[    0.752928] pinctrl core: initialized pinctrl subsystem
[    0.755222] RTC time: 13:04:11, date: 05/29/19
[    0.757393] NET: Registered protocol family 16
[    0.768637] cpuidle: using governor ladder
[    0.780921] cpuidle: using governor menu
[    0.783544] PCCT header not found.
[    0.785423] ACPI: bus type PCI registered
[    0.787245] acpiphp: ACPI Hot Plug PCI Controller Driver version: 0.5
[    0.790285] PCI: Using configuration type 1 for base access
[    0.808426] ACPI: Added _OSI(Module Device)
[    0.812145] ACPI: Added _OSI(Processor Device)
[    0.814708] ACPI: Added _OSI(3.0 _SCP Extensions)
[    0.817184] ACPI: Added _OSI(Processor Aggregator Device)
[    0.820973] ACPI: Executed 1 blocks of module-level executable AML code
[    0.826844] ACPI: Interpreter enabled
[    0.828772] ACPI: (supports S0 S5)
[    0.830583] ACPI: Using IOAPIC for interrupt routing
[    0.833439] PCI: Using host bridge windows from ACPI; if necessary, use "pci=nocrs" and report a bug
[    0.844362] ACPI: PCI Root Bridge [PCI0] (domain 0000 [bus 00-ff])
[    0.847417] acpi PNP0A03:00: _OSC: OS supports [ASPM ClockPM Segments MSI]
[    0.851040] acpi PNP0A03:00: _OSC: not requesting OS control; OS requires [ExtendedConfig ASPM ClockPM MSI]
[    0.855858] acpi PNP0A03:00: fail to add MMCONFIG information, can't access extended PCI configuration space under this bridge.
[    0.861659] PCI host bridge to bus 0000:00
[    0.863774] pci_bus 0000:00: root bus resource [io  0x0000-0x0cf7 window]
[    0.866834] pci_bus 0000:00: root bus resource [io  0x0d00-0xffff window]
[    0.870151] pci_bus 0000:00: root bus resource [mem 0x000a0000-0x000bffff window]
[    0.874097] pci_bus 0000:00: root bus resource [mem 0x40000000-0xfdffffff window]
[    0.877696] pci_bus 0000:00: root bus resource [bus 00-ff]
[    0.885477] pci 0000:00:01.1: legacy IDE quirk: reg 0x10: [io  0x01f0-0x01f7]
[    0.889026] pci 0000:00:01.1: legacy IDE quirk: reg 0x14: [io  0x03f6]
[    0.892169] pci 0000:00:01.1: legacy IDE quirk: reg 0x18: [io  0x0170-0x0177]
[    0.895240] pci 0000:00:01.1: legacy IDE quirk: reg 0x1c: [io  0x0376]
[    0.927822] pci 0000:00:07.0: quirk: [io  0x4000-0x403f] claimed by PIIX4 ACPI
[    0.931394] pci 0000:00:07.0: quirk: [io  0x4100-0x410f] claimed by PIIX4 SMB
[    0.965526] ACPI: PCI Interrupt Link [LNKA] (IRQs 5 9 10 *11)
[    0.972323] ACPI: PCI Interrupt Link [LNKB] (IRQs 5 9 *10 11)
[    0.975354] ACPI: PCI Interrupt Link [LNKC] (IRQs 5 *9 10 11)
[    0.978367] ACPI: PCI Interrupt Link [LNKD] (IRQs 5 9 10 *11)
[    0.981427] ACPI: Enabled 2 GPEs in block 00 to 07
[    0.984508] vgaarb: setting as boot device: PCI:0000:00:02.0
[    0.986956] vgaarb: device added: PCI:0000:00:02.0,decodes=io+mem,owns=io+mem,locks=none
[    0.990716] vgaarb: loaded
[    0.992041] vgaarb: bridge control possible 0000:00:02.0
[    0.994754] SCSI subsystem initialized
[    0.996578] ACPI: bus type USB registered
[    0.998331] usbcore: registered new interface driver usbfs
[    1.000618] usbcore: registered new interface driver hub
[    1.002812] usbcore: registered new device driver usb
[    1.005221] PCI: Using ACPI for IRQ routing
[    1.007637] NetLabel: Initializing
[    1.009192] NetLabel:  domain hash size = 128
[    1.011021] NetLabel:  protocols = UNLABELED CIPSOv4
[    1.015976] NetLabel:  unlabeled traffic allowed by default
[    1.018802] amd_nb: Cannot enumerate AMD northbridges
[    1.021001] clocksource: Switched to clocksource kvm-clock
[    1.034497] AppArmor: AppArmor Filesystem Enabled
[    1.036884] pnp: PnP ACPI init
[    1.040134] pnp: PnP ACPI: found 3 devices
[    1.054024] clocksource: acpi_pm: mask: 0xffffff max_cycles: 0xffffff, max_idle_ns: 2085701024 ns
[    1.058076] NET: Registered protocol family 2
[    1.060099] TCP established hash table entries: 8192 (order: 4, 65536 bytes)
[    1.063250] TCP bind hash table entries: 8192 (order: 5, 131072 bytes)
[    1.066203] TCP: Hash tables configured (established 8192 bind 8192)
[    1.069478] UDP hash table entries: 512 (order: 2, 16384 bytes)
[    1.072120] UDP-Lite hash table entries: 512 (order: 2, 16384 bytes)
[    1.074789] NET: Registered protocol family 1
[    1.076642] pci 0000:00:00.0: Limiting direct PCI/PCI transfers
[    1.079156] pci 0000:00:01.0: Activating ISA DMA hang workarounds
[    1.081949] Unpacking initramfs...
[    1.430484] Freeing initrd memory: 14828K
[    1.432519] RAPL PMU detected, API unit is 2^-32 Joules, 4 fixed counters 10737418240 ms ovfl timer
[    1.437157] hw unit of domain pp0-core 2^-0 Joules
[    1.439268] hw unit of domain package 2^-0 Joules
[    1.441279] hw unit of domain dram 2^-0 Joules
[    1.443822] hw unit of domain pp1-gpu 2^-0 Joules
[    1.445995] platform rtc_cmos: registered platform RTC device (no PNP device found)
[    1.449285] Scanning for low memory corruption every 60 seconds
[    1.452479] audit: initializing netlink subsys (disabled)
[    1.455134] audit: type=2000 audit(1559135061.428:1): initialized
[    1.457981] Initialise system trusted keyring
[    1.460195] HugeTLB registered 2 MB page size, pre-allocated 0 pages
[    1.464582] zbud: loaded
[    1.466369] VFS: Disk quotas dquot_6.6.0
[    1.468343] VFS: Dquot-cache hash table entries: 512 (order 0, 4096 bytes)
[    1.471435] squashfs: version 4.0 (2009/01/31) Phillip Lougher
[    1.474336] fuse init (API version 7.23)
[    1.476671] Key type big_key registered
[    1.478410] Allocating IMA MOK and blacklist keyrings.
[    1.482869] Key type asymmetric registered
[    1.484915] Asymmetric key parser 'x509' registered
[    1.487320] Block layer SCSI generic (bsg) driver version 0.4 loaded (major 249)
[    1.490680] io scheduler noop registered
[    1.492751] io scheduler deadline registered (default)
[    1.495285] io scheduler cfq registered
[    1.497064] pci_hotplug: PCI Hot Plug PCI Core version: 0.5
[    1.499494] pciehp: PCI Express Hot Plug Controller Driver version: 0.4
[    1.502957] ACPI: AC Adapter [AC] (on-line)
[    1.505092] input: Power Button as /devices/LNXSYSTM:00/LNXPWRBN:00/input/input0
[    1.508614] ACPI: Power Button [PWRF]
[    1.510421] input: Sleep Button as /devices/LNXSYSTM:00/LNXSLPBN:00/input/input1
[    1.513805] ACPI: Sleep Button [SLPF]
[    1.515921] GHES: HEST is not enabled!
[    1.518021] ACPI: Battery Slot [BAT0] (battery present)
[    1.521614] Serial: 8250/16550 driver, 32 ports, IRQ sharing enabled
[    1.545898] 00:02: ttyS0 at I/O 0x3f8 (irq = 4, base_baud = 115200) is a 16550A
[    1.554505] Linux agpgart interface v0.103
[    1.560846] loop: module loaded
[    1.563361] scsi host0: ata_piix
[    1.565244] scsi host1: ata_piix
[    1.566742] ata1: PATA max UDMA/33 cmd 0x1f0 ctl 0x3f6 bmdma 0xd000 irq 14
[    1.569753] ata2: PATA max UDMA/33 cmd 0x170 ctl 0x376 bmdma 0xd008 irq 15
[    1.572893] libphy: Fixed MDIO Bus: probed
[    1.574843] tun: Universal TUN/TAP device driver, 1.6
[    1.577316] tun: (C) 1999-2004 Max Krasnyansky <maxk@qualcomm.com>
[    1.581249] PPP generic driver version 2.4.2
[    1.583464] ehci_hcd: USB 2.0 'Enhanced' Host Controller (EHCI) Driver
[    1.586469] ehci-pci: EHCI PCI platform driver
[    1.588359] ehci-platform: EHCI generic platform driver
[    1.590627] ohci_hcd: USB 1.1 'Open' Host Controller (OHCI) Driver
[    1.593114] ohci-pci: OHCI PCI platform driver
[    1.595021] ohci-platform: OHCI generic platform driver
[    1.597202] uhci_hcd: USB Universal Host Controller Interface driver
[    1.599852] i8042: PNP: PS/2 Controller [PNP0303:PS2K,PNP0f03:PS2M] at 0x60,0x64 irq 1,12
[    1.603957] serio: i8042 KBD port at 0x60,0x64 irq 1
[    1.606086] serio: i8042 AUX port at 0x60,0x64 irq 12
[    1.608584] mousedev: PS/2 mouse device common for all mice
[    1.611467] input: AT Translated Set 2 keyboard as /devices/platform/i8042/serio0/input/input2
[    1.616372] rtc_cmos rtc_cmos: rtc core: registered rtc_cmos as rtc0
[    1.619244] rtc_cmos rtc_cmos: alarms up to one day, 114 bytes nvram
[    1.621965] i2c /dev entries driver
[    1.623778] device-mapper: uevent: version 1.0.3
[    1.625953] device-mapper: ioctl: 4.34.0-ioctl (2015-10-28) initialised: dm-devel@redhat.com
[    1.629982] ledtrig-cpu: registered to indicate activity on CPUs
[    1.633489] NET: Registered protocol family 10
[    1.635700] NET: Registered protocol family 17
[    1.637711] Key type dns_resolver registered
[    1.639801] registered taskstats version 1
[    1.641743] Loading compiled-in X.509 certificates
[    1.644878] Loaded X.509 cert 'Build time autogenerated kernel key: 4dcb2dc2c7cf43e0c20c44384f68683c20294489'
[    1.649412] zswap: loaded using pool lzo/zbud
[    1.653806] Key type trusted registered
[    1.659936] Key type encrypted registered
[    1.662273] AppArmor: AppArmor sha1 policy hashing enabled
[    1.665011] ima: No TPM chip found, activating TPM-bypass!
[    1.667748] ima: Allocated hash algorithm: sha1
[    1.669945] evm: HMAC attrs: 0x1
[    1.672297]   Magic number: 3:66:80
[    1.674236] rtc_cmos rtc_cmos: setting system clock to 2019-05-29 13:04:12 UTC (1559135052)
[    1.678228] BIOS EDD facility v0.16 2004-Jun-25, 0 devices found
[    1.681250] EDD information not available.
[    1.732474] Freeing unused kernel memory: 1484K
[    1.735461] Write protecting the kernel read-only data: 14336k
[    1.738942] Freeing unused kernel memory: 1620K
[    1.741147] Freeing unused kernel memory: 68K
Loading, please wait...
starting version 229
[    1.761819] random: systemd-udevd: uninitialized urandom read (16 bytes read, 3 bits of entropy available)
[    1.763167] random: udevadm: uninitialized urandom read (16 bytes read, 3 bits of entropy available)
[    1.763207] random: udevadm: uninitialized urandom read (16 bytes read, 3 bits of entropy available)
[    1.774018] random: systemd-udevd: uninitialized urandom read (16 bytes read, 3 bits of entropy available)
[    1.775314] random: udevadm: uninitialized urandom read (16 bytes read, 3 bits of entropy available)
[    1.775383] random: udevadm: uninitialized urandom read (16 bytes read, 3 bits of entropy available)
[    1.775602] random: udevadm: uninitialized urandom read (16 bytes read, 3 bits of entropy available)
[    1.775681] random: udevadm: uninitialized urandom read (16 bytes read, 3 bits of entropy available)
[    1.775759] random: udevadm: uninitialized urandom read (16 bytes read, 3 bits of entropy available)
[    1.775840] random: udevadm: uninitialized urandom read (16 bytes read, 3 bits of entropy available)
[    1.859091] Fusion MPT base driver 3.04.20
[    1.861351] Copyright (c) 1999-2008 LSI Corporation
[    1.872874] e1000: Intel(R) PRO/1000 Network Driver - version 7.3.21-k8-NAPI
[    1.876549] e1000: Copyright (c) 1999-2006 Intel Corporation.
[    1.896169] AVX2 version of gcm_enc/dec engaged.
[    1.901866] AES CTR mode by8 optimization enabled
[    1.906792] Fusion MPT SPI Host driver 3.04.20
[    2.074248] input: ImExPS/2 Generic Explorer Mouse as /devices/platform/i8042/serio1/input/input4
[    2.378874] e1000 0000:00:03.0 eth0: (PCI:33MHz:32-bit) 02:3a:f4:24:e2:72
[    2.381950] e1000 0000:00:03.0 eth0: Intel(R) PRO/1000 Network Connection
[    2.445311] tsc: Refined TSC clocksource calibration: 1600.259 MHz
[    2.448964] clocksource: tsc: mask: 0xffffffffffffffff max_cycles: 0x171119ac85c, max_idle_ns: 440795281286 ns
[    2.910012] e1000 0000:00:08.0 eth1: (PCI:33MHz:32-bit) 08:00:27:15:d7:2a
[    2.913028] e1000 0000:00:08.0 eth1: Intel(R) PRO/1000 Network Connection
[    2.918503] e1000 0000:00:08.0 enp0s8: renamed from eth1
[    2.920936] mptbase: ioc0: Initiating bringup
[    2.933874] e1000 0000:00:03.0 enp0s3: renamed from eth0
[    3.338732] ioc0: LSI53C1030 A0: Capabilities={Initiator}
[    4.494336] scsi host2: ioc0: LSI53C1030 A0, FwRev=00000000h, Ports=1, MaxQ=256, IRQ=20
[    4.910626] scsi 2:0:0:0: Direct-Access     VBOX     HARDDISK         1.0  PQ: 0 ANSI: 5
[    4.915924] scsi target2:0:0: Beginning Domain Validation
[    4.921490] scsi target2:0:0: Domain Validation skipping write tests
[    4.924073] scsi target2:0:0: Ending Domain Validation
[    4.937909] scsi target2:0:0: asynchronous
[    4.941169] scsi 2:0:1:0: Direct-Access     VBOX     HARDDISK         1.0  PQ: 0 ANSI: 5
[    4.944959] scsi target2:0:1: Beginning Domain Validation
[    4.950345] scsi target2:0:1: Domain Validation skipping write tests
[    4.953054] scsi target2:0:1: Ending Domain Validation
[    4.955356] scsi target2:0:1: asynchronous
[    4.967823] sd 2:0:0:0: Attached scsi generic sg0 type 0
[    4.970506] sd 2:0:1:0: Attached scsi generic sg1 type 0
[    4.970743] sd 2:0:0:0: [sda] 20971520 512-byte logical blocks: (10.7 GB/10.0 GiB)
[    4.973119] sd 2:0:1:0: [sdb] 20480 512-byte logical blocks: (10.5 MB/10.0 MiB)
[    4.979529] sd 2:0:0:0: [sda] Write Protect is off
[    4.982227] sd 2:0:1:0: [sdb] Write Protect is off
[    4.984717] sd 2:0:0:0: [sda] Incomplete mode parameter data
[    4.988079] sd 2:0:0:0: [sda] Assuming drive cache: write through
[    4.989161] sd 2:0:1:0: [sdb] Incomplete mode parameter data
[    4.989163] sd 2:0:1:0: [sdb] Assuming drive cache: write through
[    4.998860] sd 2:0:1:0: [sdb] Attached SCSI disk
[    5.004008]  sda: sda1
[    5.007860] sd 2:0:0:0: [sda] Attached SCSI disk
Begin: Loading essential drivers ... [    6.468610] md: linear personality registered for level -1
[    6.474279] md: multipath personality registered for level -4
[    6.479934] md: raid0 personality registered for level 0
[    6.488538] md: raid1 personality registered for level 1
[    6.561259] raid6: sse2x1   gen()  8158 MB/s
[    6.629128] raid6: sse2x1   xor()  5891 MB/s
[    6.697040] raid6: sse2x2   gen()  9909 MB/s
[    6.769286] raid6: sse2x2   xor()  6939 MB/s
[    6.837315] raid6: sse2x4   gen() 11559 MB/s
[    6.905289] raid6: sse2x4   xor()  7971 MB/s
[    6.973258] raid6: avx2x1   gen() 15051 MB/s
[    7.052315] raid6: avx2x2   gen() 20484 MB/s
[    7.121286] raid6: avx2x4   gen() 13083 MB/s
[    7.124928] raid6: using algorithm avx2x2 gen() 20484 MB/s
[    7.130388] raid6: using avx2x2 recovery algorithm
[    7.138627] xor: automatically using best checksumming function:
[    7.181218]    avx       :  9360.000 MB/sec
[    7.187518] async_tx: api initialized (async)
[    7.209256] md: raid6 personality registered for level 6
[    7.211908] md: raid5 personality registered for level 5
[    7.214371] md: raid4 personality registered for level 4
[    7.225929] md: raid10 personality registered for level 10
done.
Begin: Running /scripts/init-premount ... done.
Begin: Mounting root file system ... Begin: Running /scripts/local-top ... done.
Begin: Running /scripts/local-premount ... [    7.271097] Btrfs loaded
Scanning for Btrfs filesystems
done.
Warning: fsck not present, so skipping root file system
[    7.393271] EXT4-fs (sda1): mounted filesystem with ordered data mode. Opts: (null)
done.
Begin: Running /scripts/local-bottom ... done.
Begin: Running /scripts/init-bottom ... done.
[    7.848068] systemd[1]: systemd 229 running in system mode. (+PAM +AUDIT +SELINUX +IMA +APPARMOR +SMACK +SYSVINIT +UTMP +LIBCRYPTSETUP +GCRYPT +GNUTLS +ACL +XZ -LZ4 +SECCOMP +BLKID +ELFUTILS +KMOD -IDN)
[    7.858996] systemd[1]: Detected virtualization oracle.
[    7.861610] systemd[1]: Detected architecture x86-64.

Welcome to [1mUbuntu 16.04.6 LTS[0m!

[    7.876829] systemd[1]: Set hostname to <ubuntu>.
[    7.888832] systemd[1]: Initializing machine ID from random generator.
[    7.891933] systemd[1]: Installed transient /etc/machine-id file.
[    8.654048] systemd[1]: Listening on udev Control Socket.
[[0;32m  OK  [0m] Listening on udev Control Socket.
[    8.660318] systemd[1]: Listening on Journal Socket.
[[0;32m  OK  [0m] Listening on Journal Socket.
[    8.665313] systemd[1]: Reached target Swap.
[[0;32m  OK  [0m] Reached target Swap.
[    8.671024] systemd[1]: Reached target System Time Synchronized.
[[0;32m  OK  [0m] Reached target System Time Synchronized.
[    8.678666] systemd[1]: Listening on udev Kernel Socket.
[[0;32m  OK  [0m] Listening on udev Kernel Socket.
[    8.694524] systemd[1]: Listening on Journal Audit Socket.
[[0;32m  OK  [0m] Listening on Journal Audit Socket.
[    8.703030] systemd[1]: Reached target User and Group Name Lookups.
[[0;32m  OK  [0m] Reached target User and Group Name Lookups.
[    8.715541] systemd[1]: Created slice System Slice.
[[0;32m  OK  [0m] Created slice System Slice.
[    8.733901] systemd[1]: Mounting POSIX Message Queue File System...
         Mounting POSIX Message Queue File System...
[    8.746658] systemd[1]: Starting Set console keymap...
         Starting Set console keymap...
[    8.756628] systemd[1]: Starting Remount Root and Kernel File Systems...
         Starting Remount Root and Kernel File Systems...
[    8.773141] systemd[1]: Listening on Device-mapper event daemon FIFOs.
[    8.780934] EXT4-fs (sda1): re-mounted. Opts: (null)
[[0;32m  OK  [0m] Listening on Device-mapper event daemon FIFOs.
[    8.796195] systemd[1]: Created slice User and Session Slice.
[[0;32m  OK  [0m] Created slice User and Session Slice.
[    8.813779] systemd[1]: Listening on Syslog Socket.
[[0;32m  OK  [0m] Listening on Syslog Socket.
[    8.822077] systemd[1]: Reached target Slices.
[[0;32m  OK  [0m] Reached target Slices.
[    8.830457] systemd[1]: Set up automount Arbitrary Executable File Formats File System Automount Point.
[[0;32m  OK  [0m] Set up automount Arbitrary Executab...ats File System Automount Point.
[    8.877457] systemd[1]: Mounting Debug File System...
         Mounting Debug File System...
[    8.885035] systemd[1]: Created slice system-serial\x2dgetty.slice.
[[0;32m  OK  [0m] Created slice system-serial\x2dgetty.slice.
[    8.898418] systemd[1]: Mounting Huge Pages File System...
         Mounting Huge Pages File System...
[    8.914164] systemd[1]: Listening on Journal Socket (/dev/log).
[[0;32m  OK  [0m] Listening on Journal Socket (/dev/log).
[    8.953701] systemd[1]: Starting Load Kernel Modules...
         Starting Load Kernel Modules...
[    8.958842] systemd[1]: Listening on /dev/initctl Compatibility Named Pipe.
[[0;32m  OK  [0m] Listening on /dev/initctl Compatibility Named Pipe.
[    8.981890] Loading iSCSI transport class v2.0-870.
[    8.982108] systemd[1]: Started Trigger resolvconf update for networkd DNS.
[[0;32m  OK  [0m] Started Trigger resolvconf update for networkd DNS.
[    9.011328] iscsi: registered transport (tcp)
[    9.021486] systemd[1]: Starting Journal Service...
         Starting Journal Service...
[    9.028814] systemd[1]: Reached target Encrypted Volumes.
[[0;32m  OK  [0m] Reached target Encrypted Volumes.
[    9.035930] systemd[1]: Starting Nameserver information manager...
         Starting Nameserver information manager...
[    9.049506] systemd[1]: Started Forward Password Requests to Wall Directory Watch.
[[0;32m  OK  [0m] Started Forward Password Requests to Wall Directory Watch.
[    9.070170] systemd[1]: Starting Create list of required static device nodes for the current kernel...
         Starting Create list of required st... nodes for the current kernel...
[    9.082492] systemd[1]: Listening on LVM2 metadata daemon socket.
[[0;32m  OK  [0m] Listening on LVM2 metadata daemon socket.
[    9.105331] systemd[1]: Starting Monitoring of LVM2 mirrors, snapshots etc. using dmeventd or progress polling...
[    9.114502] iscsi: registered transport (iser)
         Starting Monitoring of LVM2 mirrors... dmeventd or progress polling...
[    9.130936] systemd[1]: Starting Uncomplicated firewall...
[    9.140910] random: nonblocking pool is initialized
         Starting Uncomplicated firewall...
[    9.152345] systemd[1]: Listening on LVM2 poll daemon socket.
[[0;32m  OK  [0m] Listening on LVM2 poll daemon socket.
[    9.178981] systemd[1]: Mounted POSIX Message Queue File System.
[[0;32m  OK  [0m] Mounted POSIX Message Queue File System.
[    9.189191] systemd[1]: Mounted Debug File System.
[[0;32m  OK  [0m] Mounted Debug File System.
[    9.197866] systemd[1]: Mounted Huge Pages File System.
[[0;32m  OK  [0m] Mounted Huge Pages File System.
[    9.206799] systemd[1]: Started Journal Service.
[[0;32m  OK  [0m] Started Journal Service.
[[0;32m  OK  [0m] Started Set console keymap.
[[0;32m  OK  [0m] Started Remount Root and Kernel File Systems.
[[0;32m  OK  [0m] Started Load Kernel Modules.
[[0;32m  OK  [0m] Started Create list of required sta...ce nodes for the current kernel.
[[0;32m  OK  [0m] Started Uncomplicated firewall.
[[0;32m  OK  [0m] Started Nameserver information manager.
[[0;32m  OK  [0m] Started LVM2 metadata daemon.
         Starting Create Static Device Nodes in /dev...
         Starting Apply Kernel Variables...
         Mounting FUSE Control File System...
         Starting Load/Save Random Seed...
         Starting udev Coldplug all Devices...
         Starting Flush Journal to Persistent Storage...
[[0;32m  OK  [0m] Mounted FUSE Control File System.
[[0;32m  OK  [0m] Started Load/Save Random Seed.
[[0;32m  OK  [0m] Started Create Static Device Nodes in /dev.
[[0;32m  OK  [0m] Started Apply Kernel Variables.
[[0;32m  OK  [0m] Started Flush Journal to Persistent Storage.
[[0;32m  OK  [0m] Started udev Coldplug all Devices.
         Starting udev Kernel Device Manager...
[[0;32m  OK  [0m] Started udev Kernel Device Manager.
[[0;32m  OK  [0m] Started Dispatch Password Requests to Console Directory Watch.
[[0;32m  OK  [0m] Started Monitoring of LVM2 mirrors,...ng dmeventd or progress polling.
[[0;32m  OK  [0m] Reached target Local File Systems (Pre).
[[0;32m  OK  [0m] Reached target Local File Systems.
         Starting Create Volatile Files and Directories...
         Starting Initial cloud-init job (pre-networking)...
         Starting Set console font and keymap...
         Starting Tell Plymouth To Write Out Runtime Data...
         Starting LSB: AppArmor initialization...
         Starting Commit a transient machine-id on disk...
[[0;32m  OK  [0m] Started Create Volatile Files and Directories.
[[0;32m  OK  [0m] Started Tell Plymouth To Write Out Runtime Data.
         Starting Update UTMP about System Boot/Shutdown...
[[0;32m  OK  [0m] Started Commit a transient machine-id on disk.
[[0;32m  OK  [0m] Started Update UTMP about System Boot/Shutdown.
[[0;32m  OK  [0m] Found device /dev/ttyS0.
[[0;32m  OK  [0m] Listening on Load/Save RF Kill Switch Status /dev/rfkill Watch.
[[0;32m  OK  [0m] Started LSB: AppArmor initialization.
[[0;32m  OK  [0m] Started Set console font and keymap.
[[0;32m  OK  [0m] Created slice system-getty.slice.
[   12.546629] cloud-init[486]: Cloud-init v. 18.5-45-g3554ffe8-0ubuntu1~16.04.1 running 'init-local' at Wed, 29 May 2019 13:04:23 +0000. Up 11.91 seconds.
[[0;32m  OK  [0m] Started Initial cloud-init job (pre-networking).
[[0;32m  OK  [0m] Reached target Network (Pre).
         Starting Raise network interfaces...
[[0;32m  OK  [0m] Started Raise network interfaces.
[[0;32m  OK  [0m] Reached target Network.
         Starting Initial cloud-init job (metadata service crawler)...
[   15.526210] cloud-init[959]: Cloud-init v. 18.5-45-g3554ffe8-0ubuntu1~16.04.1 running 'init' at Wed, 29 May 2019 13:04:24 +0000. Up 13.59 seconds.
[   15.546153] cloud-init[959]: ci-info: ++++++++++++++++++++++++++++++++++++++Net device info+++++++++++++++++++++++++++++++++++++++
[   15.563589] cloud-init[959]: ci-info: +--------+-------+----------------------------+---------------+--------+-------------------+
[   15.575500] cloud-init[959]: ci-info: | Device |   Up  |          Address           |      Mask     | Scope  |     Hw-Address    |
[   15.592558] cloud-init[959]: ci-info: +--------+-------+----------------------------+---------------+--------+-------------------+
[   15.613937] cloud-init[959]: ci-info: | enp0s3 |  True |         10.0.2.15          | 255.255.255.0 | global | 02:3a:f4:24:e2:72 |
[   15.621702] cloud-init[959]: ci-info: | enp0s3 |  True | fe80::3a:f4ff:fe24:e272/64 |       .       |  link  | 02:3a:f4:24:e2:72 |
[   15.638604] cloud-init[959]: ci-info: | enp0s8 | False |             .              |       .       |   .    | 08:00:27:15:d7:2a |
[   15.646170] cloud-init[959]: ci-info: |   lo   |  True |         127.0.0.1          |   255.0.0.0   |  host  |         .         |
[   15.652584] cloud-init[959]: ci-info: |   lo   |  True |          ::1/128           |       .       |  host  |         .         |
[   15.658298] cloud-init[959]: ci-info: +--------+-------+----------------------------+---------------+--------+-------------------+
[   15.665447] cloud-init[959]: ci-info: +++++++++++++++++++++++++++Route IPv4 info++++++++++++++++++++++++++++
[   15.675635] cloud-init[959]: ci-info: +-------+-------------+----------+---------------+-----------+-------+
[   15.686000] cloud-init[959]: ci-info: | Route | Destination | Gateway  |    Genmask    | Interface | Flags |
[   15.697216] cloud-init[959]: ci-info: +-------+-------------+----------+---------------+-----------+-------+
[   15.705881] cloud-init[959]: ci-info: |   0   |   0.0.0.0   | 10.0.2.2 |    0.0.0.0    |   enp0s3  |   UG  |
[   15.713313] cloud-init[959]: ci-info: |   1   |   10.0.2.0  | 0.0.0.0  | 255.255.255.0 |   enp0s3  |   U   |
[   15.726357] cloud-init[959]: ci-info: +-------+-------------+----------+---------------+-----------+-------+
[   15.741732] cloud-init[959]: ci-info: +++++++++++++++++++Route IPv6 info+++++++++++++++++++
[   15.749876] cloud-init[959]: ci-info: +-------+-------------+---------+-----------+-------+
[   15.762252] cloud-init[959]: ci-info: | Route | Destination | Gateway | Interface | Flags |
[   15.767259] cloud-init[959]: ci-info: +-------+-------------+---------+-----------+-------+
[   15.772292] cloud-init[959]: ci-info: |   0   |  fe80::/64  |    ::   |   enp0s3  |   U   |
[   15.783815] cloud-init[959]: ci-info: |   3   |   ff00::/8  |    ::   |   enp0s3  |   U   |
[   15.792290] cloud-init[959]: ci-info: +-------+-------------+---------+-----------+-------+
[   15.799293] cloud-init[959]: Generating public/private rsa key pair.
[   15.809293] cloud-init[959]: Your identification has been saved in /etc/ssh/ssh_host_rsa_key.
[   15.819535] cloud-init[959]: Your public key has been saved in /etc/ssh/ssh_host_rsa_key.pub.
[   15.825601] cloud-init[959]: The key fingerprint is:
[   15.826553] cloud-init[959]: SHA256:4NhQtFJLEPxzJc9SFtIiohS9Q9Pk6+pMbrTS5YMmeN4 root@ubuntu-xenial
[   15.829111] cloud-init[959]: The key's randomart image is:
[[0;32m  OK  [0m] Started Initial cloud-init job (metadata service crawler).
[   15.829485] cloud-init[959]: +---[RSA 2048]----+
[   15.847612] cloud-init[959]: |  .+o** ....     |
[   15.851942] cloud-init[959]: |  . *=ooo.=      |
[   15.856438] cloud-init[959]: | . oo==. O       |
[   15.864959] cloud-init[959]: |  . o*ooo o      |
[   15.865724] cloud-init[[959]: [0;32m  OK  [0m|    ..+oS.       |] 
Reached target System Initialization.
[   15.865857] cloud-init[959]: |    ...          |
[   15.878274] cloud-init[959]: | . o.=.          |
[   15.880230] cloud-init[959]: |. +=*.o          |
[   15.882472] cloud-init[959]: | o.*E  .         |
[[0;32m  OK  [0m] Started ACPI Events Check.
[[0;32m  OK  [0m] Reached target Paths.
[   15.888657] cloud-init[959]: +----[SHA256]-----+
[   15.890798] cloud-init[959]: Generating public/private dsa key pair.
[   15.894282] cloud-init[959]:          Starting LXD - unix socket.
[[0;32m  OK  [0m] Listening on UUID daemon activation socket.
[[0;32m  OK  [0m] Listening on ACPID Listen Socket.
         Starting Socket activation for snappy daemon.
[[0;32m  OK  [0m] Started Daily apt download activities.
[[0;32m  OK  [0m] Started Daily apt upgrade and clean activities.
Your identification has been saved in /etc/ssh/ssh_host_dsa_key.
[   15.914364] cloud-init[959]: Your public key has been saved in /etc/ssh/ssh_host_dsa_key.pub.
[   15.918975] [[0;32m  OK  [0m] Listening on D-Bus System Message Bus Socket.
[[0;32m  OK  [0m] Started Daily Cleanup of Temporary Directories.
[[0;32m  OK  [0m] Reached target Timers.
[[0;32m  OK  [0m] Reached target Network is Online.
cloud-init[959]: The key fingerprint is:
[   15.931430] cloud-init[959]: SHA256:WKo1471imyJoDgmVJRfMzJZErO7YnVduyfdlVqoqXgk root@ubuntu-xenial
[   15.949659] cloud-init[959]: The key's randomart image is:
[   15.956502] cloud-init[959]: +---[DSA 1024]----+
         Starting iSCSI initiator daemon (iscsid)...
[   15.957058] cloud-init[959]: |  .O*o           |
[   15.965125] cloud-init[959]: |   =O            |
[[   15.971433] cloud-init[959]: |  oo    .        |
[   15.973560] cloud-init[959]: | ..    +         |
[0;32m  OK  [0m[   15.977792] cloud-init[959]: |..    * E       .|
[   15.978607] cloud-init[959]: |...  + +.. .   o |
[   15.978877] ] Reached target Cloud-config availability.
cloud-init[959]: |o= ....+..o   =  |
[   16.001514] cloud-init[959]: |+.+ + +.*o.  =   |
[   16.004538] cloud-init[959]: |o. . +o=oo.oo    |
[[0;32m  OK  [0m[   16.008156] cloud-init[959]: +----[SHA256]-----+
[   16.008753] cloud-init[959]: Generating public/private ecdsa key pair.
[   16.012578] cloud-init[959]: Your identification has been saved in /etc/ssh/ssh_host_ecdsa_key.
[   16.016632] cloud-init[959]: Your public key has been saved in /etc/ssh/ssh_host_ecdsa_key.pub.
[   16.016749] cloud-init[959]: The key fingerprint is:
[   16.021373] cloud-init[959]: SHA256:ZN+tM2J1uBKpTyu5VAmNKRDDKdVitc7znqpWud4iLFo root@ubuntu-xenial
] Listening on LXD - unix socket.
[   16.022326] cloud-init[959]: The key's randomart image is:
[   16.054168] [[0;32m  OK  [0m] Listening on Socket activation for snappy daemon.
cloud-init[959]: +---[ECDSA 256]---+
[   16.069286] cloud-init[959]: |   o==.          |
[   16.080548] cloud-init[959]: |  . =o.. +       |
[   16.084892] cloud-init[959]: |   o .o * .      |
[   16.087302] cloud-init[959]: |     o + o + o   |
[   16.088046] cloud-init[959]: |      +.S * + o  |
[   16.089324] cloud-init[959]: |      oo o o +   |
[   16.089564] cloud-init[959]: |  E. . .+.= =    |
[   16.089644] cloud-init[959]: | .. + o+o= + o   |
[   16.089832] cloud-init[959]: |.. o.+oo=oo      |
[[0;32m  OK  [0m] Reached target Sockets.
[   16.089906] cloud-init[959]: +----[SHA256]-----+
[   16.101370] cloud-init[959]: Generating public/private ed25519 key pair.
[   16.102007] cloud-init[959]: Your identification has been saved in /etc/ssh/ssh_host_ed25519_key.
[   16.108745] cloud-init[[959]: Your public key has been saved in /etc/ssh/ssh_host_ed25519_key.pub.
[   16.117104] cloud-init[959]: The key fingerprint is:
[   16.121697] cloud-init[959]: SHA256:Tr1kfSNCW1Fvi+0OPzMlPAJOU0FHOafOTppw3pDnmy0 root@ubuntu-xenial
[   16.124038] cloud-init[959]: The key's randomart image is:
[   16.130872] cloud-init[959]: +--[ED25519 256]--+
[   16.133159] cloud-init[959]: |           .+++. |
[   16.141334] cloud-init[959]: |            .oo..|
[   16.144519] cloud-init[959]: |          ...  +o|
[0;32m  OK  [0m] Reached target Basic System.
[   16.153595] cloud-init[959]: |         o++  +..|
[   16.171021] cloud-init[959]: |        So*oo*oo |
[   16.179248] cloud-init[959]: |       o ooo=oX..|
[   16.188338] cloud-init[959]: |        . .+ % +.|
[   16.195021] cloud-init[959]: |            + E* |
[   16.209866] cloud-init[959]: |              o==|
[   16.219043] cloud-init[959]: +----[SHA256]-----+
         Starting LXD - container startup/shutdown...
[[0;32m  OK  [0m] Started Deferred execution scheduler.
         Starting LSB: MD monitoring daemon...
[[0;32m  OK  [0m] Started Unattended Upgrades Shutdown.
[[0;32m  OK  [0m] Started ACPI event daemon.
         Starting Pollinate to seed the pseudo random number generator...
         Starting Login Service...
         Starting LSB: Record successful boot for GRUB...
         Starting System Logging Service...
         Starting Virtualbox guest utils...
[[0;32m  OK  [0m] Started D-Bus System Message Bus.
[[0;32m  OK  [0m] Started FUSE filesystem for LXC.
         Starting /etc/rc.local Compatibility...
         Starting Accounts Service...
         Starting Snappy daemon...
[[0;32m  OK  [0m] Started Regular background program processing daemon.
[[0;32m  OK  [0m] Started System Logging Service.
[[0;32m  OK  [0m] Started iSCSI initiator daemon (iscsid).
[[0;32m  OK  [0m] Started /etc/rc.local Compatibility.
[[0;32m  OK  [0m] Started LXD - container startup/shutdown.
[[0;32m  OK  [0m] Started LSB: MD monitoring daemon.
[[0;32m  OK  [0m] Started LSB: Record successful boot for GRUB.
[[0;32m  OK  [0m] Started Login Service.
         Starting Authenticate and Authorize Users to Run Privileged Tasks...
         Starting Login to default iSCSI targets...
[[0;32m  OK  [0m] Started Authenticate and Authorize Users to Run Privileged Tasks.
[[0;32m  OK  [0m] Started Accounts Service.
[[0;32m  OK  [0m] Started Pollinate to seed the pseudo random number generator.
[[0;32m  OK  [0m] Started Virtualbox guest utils.
[[0;32m  OK  [0m] Started Login to default iSCSI targets.
[[0;32m  OK  [0m] Reached target Remote File Systems (Pre).
[[0;32m  OK  [0m] Reached target Remote File Systems.
         Starting LSB: daemon to balance interrupts for SMP systems...
         Starting LSB: automatic crash report generation...
         Starting Permit User Sessions...
         Starting LSB: Set the CPU Frequency Scaling governor to "ondemand"...
         Starting OpenBSD Secure Shell server...
[[0;32m  OK  [0m] Started Permit User Sessions.
[[0;32m  OK  [0m] Started OpenBSD Secure Shell server.
[[0;32m  OK  [0m] Started Snappy daemon.
[[0;32m  OK  [0m] Started LSB: Set the CPU Frequency Scaling governor to "ondemand".
         Starting Wait until snapd is fully seeded...
         Starting Hold until boot process finishes up...
         Starting Terminate Plymouth Boot Screen...
[[0;32m  OK  [0m] Started LSB: daemon to balance interrupts for SMP systems.
[[0;32m  OK  [0m] Started LSB: automatic crash report generation.
[[0;32m  OK  [0m] Started Hold until boot process finishes up.
[[0;32m  OK  [0m] Started Terminate Plymouth Boot Screen.
[[0;32m  OK  [0m] Started Getty on tty1.
[[0;32m  OK  [0m] Started Serial Getty on ttyS0.
[[0;32m  OK  [0m] Reached target Login Prompts.
         Starting Set console scheme...
[[0;32m  OK  [0m] Started Set console scheme.
[[0;32m  OK  [0m] Created slice User Slice of vagrant.
         Starting User Manager for UID 1000...
[[0;32m  OK  [0m] Started Session 1 of user vagrant.
[[0;32m  OK  [0m] Started User Manager for UID 1000.
[[0;32m  OK  [0m] Started Wait until snapd is fully seeded.
[[0;32m  OK  [0m] Reached target Multi-User System.
[[0;32m  OK  [0m] Reached target Graphical Interface.
         Starting Update UTMP about System Runlevel Changes...
         Starting Apply the settings specified in cloud-config...
[[0;32m  OK  [0m] Started Update UTMP about System Runlevel Changes.
[   20.208295] cloud-init[1364]: Generating locales (this might take a while)...
         Stopping User Manager for UID 1000...
[[0;32m  OK  [0m] Stopped User Manager for UID 1000.
[[0;32m  OK  [0m] Removed slice User Slice of vagrant.
[   22.096540] cloud-init[1364]:   en_US.UTF-8... done
[   22.103116] cloud-init[1364]: Generation complete.
[[0;32m  OK  [0m] Created slice User Slice of vagrant.
         Starting User Manager for UID 1000...
[[0;32m  OK  [0m] Started Session 2 of user vagrant.
[[0;32m  OK  [0m] Started User Manager for UID 1000.
[   22.943238] cloud-init[1364]: Cloud-init v. 18.5-45-g3554ffe8-0ubuntu1~16.04.1 running 'modules:config' at Wed, 29 May 2019 13:04:31 +0000. Up 19.98 seconds.

Ubuntu 16.04.6 LTS ubuntu-xenial ttyS0

ubuntu-xenial login: ci-info: no authorized ssh keys fingerprints found for user ubuntu.
<14>May 29 13:04:35 ec2: 
<14>May 29 13:04:35 ec2: #############################################################
<14>May 29 13:04:35 ec2: -----BEGIN SSH HOST KEY FINGERPRINTS-----
<14>May 29 13:04:35 ec2: 1024 SHA256:WKo1471imyJoDgmVJRfMzJZErO7YnVduyfdlVqoqXgk root@ubuntu-xenial (DSA)
<14>May 29 13:04:35 ec2: 256 SHA256:ZN+tM2J1uBKpTyu5VAmNKRDDKdVitc7znqpWud4iLFo root@ubuntu-xenial (ECDSA)
<14>May 29 13:04:35 ec2: 256 SHA256:Tr1kfSNCW1Fvi+0OPzMlPAJOU0FHOafOTppw3pDnmy0 root@ubuntu-xenial (ED25519)
<14>May 29 13:04:35 ec2: 2048 SHA256:4NhQtFJLEPxzJc9SFtIiohS9Q9Pk6+pMbrTS5YMmeN4 root@ubuntu-xenial (RSA)
<14>May 29 13:04:35 ec2: -----END SSH HOST KEY FINGERPRINTS-----
<14>May 29 13:04:35 ec2: #############################################################
-----BEGIN SSH HOST KEY KEYS-----
ecdsa-sha2-nistp256 AAAAE2VjZHNhLXNoYTItbmlzdHAyNTYAAAAIbmlzdHAyNTYAAABBBFoTX1LxnY9esghenIJeGzQzkoqRatFE4DyMDqqPTXyGPSfFrbOcFdn6FxY0oF6ZuRfOWO57Mmqba7OxKu/33P0= root@ubuntu-xenial
ssh-ed25519 AAAAC3NzaC1lZDI1NTE5AAAAIKkz69bwqX0kaxwKfS5zQ8NuQUmifFgtcOcErHQIIZRQ root@ubuntu-xenial
ssh-rsa AAAAB3NzaC1yc2EAAAADAQABAAABAQCslJPph0oxIob27P3WrG7ij7J8glYPJ4V/H9BLiY5EIEVoh/sacEfVanjq5Kic2eoI0LSXRG8jntFH/qhGvGR9KKwjSheCkaxyTk0hNJgqBPgXNgrEJBx4Y6RFeme5appIM36nIR9eaKNg8EWRayoInzfB2jby1IL519i89SffumKBphR7hbanFDebhOcF5e9osp6SeHXysqTqpY9MP/JzjJkOncL6UnPnlNKoj51foEiw2KXAzTod3v5dRkvm0/YRPlNrlTQOuUfOIlryFRTTvRxdNRR8HkXIGex5I6V18hSdLv9nEdcT0IECgkHfOJyhqiEcEQMdvBESBX9++9Lj root@ubuntu-xenial
-----END SSH HOST KEY KEYS-----
[   24.358542] cloud-init[1608]: Cloud-init v. 18.5-45-g3554ffe8-0ubuntu1~16.04.1 running 'modules:final' at Wed, 29 May 2019 13:04:35 +0000. Up 23.95 seconds.
[   24.359437] cloud-init[1608]: ci-info: no authorized ssh keys fingerprints found for user ubuntu.
[   24.359770] cloud-init[1608]: Cloud-init v. 18.5-45-g3554ffe8-0ubuntu1~16.04.1 finished at Wed, 29 May 2019 13:04:35 +0000. Datasource DataSourceNoCloud [seed=/dev/sdb][dsmode=net].  Up 24.34 seconds
